Arguments: 
  C:\Program Files\nodejs\node.exe C:\Users\Justi\AppData\Roaming\npm\node_modules\yarn\bin\yarn.js init

PATH: 
  C:\Program Files (x86)\Common Files\Oracle\Java\javapath;C:\Python39\Scripts\;C:\Python39\;C:\Windows\system32;C:\Windows;C:\Windows\System32\Wbem;C:\Windows\System32\WindowsPowerShell\v1.0\;C:\Windows\System32\OpenSSH\;C:\Program Files\Microsoft VS Code\bin;C:\Program Files\Git\cmd;C:\Program Files\nodejs\;C:\ProgramData\chocolatey\bin;C:\Program Files\NVIDIA Corporation\NVIDIA NvDLISR;C:\Program Files\dotnet\;C:\Program Files\Microsoft SQL Server\130\Tools\Binn\;C:\Program Files\Microsoft SQL Server\Client SDK\ODBC\170\Tools\Binn\;C:\Program Files (x86)\NVIDIA Corporation\PhysX\Common;C:\Program Files (x86)\Windows Live\Shared;C:\Program Files (x86)\dotnet\;C:\Users\Justi\AppData\Local\Microsoft\WindowsApps;C:\Users\Justi\AppData\Roaming\npm;C:\Users\Justi\.dotnet\tools;C:\Users\Justi\spicetify-cli

Yarn version: 
  1.22.10

Node version: 
  15.5.0

Platform: 
  win32 x64

Trace: 
  Error: canceled
      at Interface.<anonymous> (C:\Users\Justi\AppData\Roaming\npm\node_modules\yarn\lib\cli.js:136216:13)
      at Interface.emit (node:events:376:20)
      at Interface._ttyWrite (node:readline:909:16)
      at ReadStream.onkeypress (node:readline:234:10)
      at ReadStream.emit (node:events:376:20)
      at emitKeys (node:internal/readline/utils:358:14)
      at emitKeys.next (<anonymous>)
      at ReadStream.onData (node:readline:1178:36)
      at ReadStream.emit (node:events:376:20)
      at addChunk (node:internal/streams/readable:311:12)

npm manifest: 
  {
    "name": "mooliobot-2",
    "version": "1.0.0",
    "main": "src/index.js",
    "author": "zurrty",
    "license": "MIT",
    "type": "commonjs",
    "repository": {"url": "https://github.com/zurrty/mooliobot"},
    "scripts": {
      "start": "node ."
    },
    "dependencies": {
      "tmi.js": "^1.8.3"
    },
    "devDependencies": {
      "@types/node": "^15.0.2",
      "@types/tmi.js": "^1.7.1"
    }
  }

yarn manifest: 
  No manifest

Lockfile: 
  # THIS IS AN AUTOGENERATED FILE. DO NOT EDIT THIS FILE DIRECTLY.
  # yarn lockfile v1
  
  
  "@types/node@^15.0.2":
    version "15.0.2"
    resolved "https://registry.yarnpkg.com/@types/node/-/node-15.0.2.tgz"
    integrity sha512-p68+a+KoxpoB47015IeYZYRrdqMUcpbK8re/zpFB8Ld46LHC1lPEbp3EXgkEhAYEcPvjJF6ZO+869SQ0aH1dcA==
  
  "@types/tmi.js@^1.7.1":
    version "1.7.1"
    resolved "https://registry.yarnpkg.com/@types/tmi.js/-/tmi.js-1.7.1.tgz#d45b1eb2506fa7e0e173cd3a1317c018f9ee7d1a"
    integrity sha512-sZ/4WlCFSKIp6sPwRMpBlSvARXMaBzIQuxLQL4v+Ymga3LiH+Xw6WuPN5odkNWDmjPVoLqSwEuCCVsFjM4c7Ug==
  
  node-fetch@^2.6.1:
    version "2.6.1"
    resolved "https://registry.yarnpkg.com/node-fetch/-/node-fetch-2.6.1.tgz"
    integrity sha512-V4aYg89jEoVRxRb2fJdAg8FHvI7cEyYdVAh94HH0UIK8oJxUfkjlDQN9RbMx+bEjP7+ggMiFRprSti032Oipxw==
  
  tmi.js@^1.8.3:
    version "1.8.3"
    resolved "https://registry.yarnpkg.com/tmi.js/-/tmi.js-1.8.3.tgz"
    integrity sha512-1YAO3hwnkpAbUfVlpxcqOHP4Nun/+TqxWE/e/ZKMB6p40ZKczhI03oZW2Qx3pppqWjXz5kSjHdT/vTTfi2gCGQ==
    dependencies:
      node-fetch "^2.6.1"
      ws "^7.4.3"
  
  ws@^7.4.3:
    version "7.4.5"
    resolved "https://registry.yarnpkg.com/ws/-/ws-7.4.5.tgz"
    integrity sha512-xzyu3hFvomRfXKH8vOFMU3OguG6oOvhXMo3xsGy3xWExqaM2dxBbVxuD99O7m3ZUFMvvscsZDqxfgMaRr/Nr1g==
